Determining if the function dcgettext exists failed with the following output:
Change Dir: C:/GitHub/PROYECTO-III-GOT/vcpkg-master/ports/libexif/out/build/x64-Debug (predeterminado)/CMakeFiles/CMakeTmp

Run Build Command(s):C:/Program Files (x86)/Microsoft Visual Studio/2019/Community/Common7/IDE/CommonExtensions/Microsoft/CMake/Ninja/ninja.exe cmTC_289a4 && [1/2] Building C object CMakeFiles\cmTC_289a4.dir\CheckFunctionExists.c.obj
[2/2] Linking C executable cmTC_289a4.exe
FAILED: cmTC_289a4.exe 
cmd.exe /C "cd . && "C:\Program Files (x86)\Microsoft Visual Studio\2019\Community\Common7\IDE\CommonExtensions\Microsoft\CMake\CMake\bin\cmake.exe" -E vs_link_exe --intdir=CMakeFiles\cmTC_289a4.dir --rc=C:\PROGRA~2\WI3CF2~1\10\bin\100183~1.0\x64\rc.exe --mt=C:\PROGRA~2\WI3CF2~1\10\bin\100183~1.0\x64\mt.exe --manifests  -- C:\PROGRA~2\MICROS~1\2019\COMMUN~1\VC\Tools\MSVC\1427~1.291\bin\Hostx64\x64\link.exe /nologo CMakeFiles\cmTC_289a4.dir\CheckFunctionExists.c.obj  /out:cmTC_289a4.exe /implib:cmTC_289a4.lib /pdb:cmTC_289a4.pdb /version:0.0  /machine:x64  /debug /INCREMENTAL /subsystem:console  kernel32.lib user32.lib gdi32.lib winspool.lib shell32.lib ole32.lib oleaut32.lib uuid.lib comdlg32.lib advapi32.lib && cd ."
LINK Pass 1: command "C:\PROGRA~2\MICROS~1\2019\COMMUN~1\VC\Tools\MSVC\1427~1.291\bin\Hostx64\x64\link.exe /nologo CMakeFiles\cmTC_289a4.dir\CheckFunctionExists.c.obj /out:cmTC_289a4.exe /implib:cmTC_289a4.lib /pdb:cmTC_289a4.pdb /version:0.0 /machine:x64 /debug /INCREMENTAL /subsystem:console kernel32.lib user32.lib gdi32.lib winspool.lib shell32.lib ole32.lib oleaut32.lib uuid.lib comdlg32.lib advapi32.lib /MANIFEST /MANIFESTFILE:CMakeFiles\cmTC_289a4.dir/intermediate.manifest CMakeFiles\cmTC_289a4.dir/manifest.res" failed (exit code 1120) with the following output:
CheckFunctionExists.c.obj : error LNK2019: símbolo externo dcgettext sin resolver al que se hace referencia en la función main
cmTC_289a4.exe : fatal error LNK1120: 1 externos sin resolver
ninja: build stopped: subcommand failed.



Determining if the include file dlfcn.h exists failed with the following output:
Change Dir: C:/GitHub/PROYECTO-III-GOT/vcpkg-master/ports/libexif/out/build/x64-Debug (predeterminado)/CMakeFiles/CMakeTmp

Run Build Command(s):C:/Program Files (x86)/Microsoft Visual Studio/2019/Community/Common7/IDE/CommonExtensions/Microsoft/CMake/Ninja/ninja.exe cmTC_44e24 && [1/2] Building C object CMakeFiles\cmTC_44e24.dir\CheckIncludeFile.c.obj
FAILED: CMakeFiles/cmTC_44e24.dir/CheckIncludeFile.c.obj 
C:\PROGRA~2\MICROS~1\2019\COMMUN~1\VC\Tools\MSVC\1427~1.291\bin\Hostx64\x64\cl.exe  /nologo   /DWIN32 /D_WINDOWS /W3  /MDd /Zi /Ob0 /Od /RTC1 /showIncludes /FoCMakeFiles\cmTC_44e24.dir\CheckIncludeFile.c.obj /FdCMakeFiles\cmTC_44e24.dir\ /FS -c CheckIncludeFile.c
CheckIncludeFile.c(1): fatal error C1083: No se puede abrir el archivo incluir: 'dlfcn.h': No such file or directory
ninja: build stopped: subcommand failed.



Determining if the include file strings.h exists failed with the following output:
Change Dir: C:/GitHub/PROYECTO-III-GOT/vcpkg-master/ports/libexif/out/build/x64-Debug (predeterminado)/CMakeFiles/CMakeTmp

Run Build Command(s):C:/Program Files (x86)/Microsoft Visual Studio/2019/Community/Common7/IDE/CommonExtensions/Microsoft/CMake/Ninja/ninja.exe cmTC_a7306 && [1/2] Building C object CMakeFiles\cmTC_a7306.dir\CheckIncludeFile.c.obj
FAILED: CMakeFiles/cmTC_a7306.dir/CheckIncludeFile.c.obj 
C:\PROGRA~2\MICROS~1\2019\COMMUN~1\VC\Tools\MSVC\1427~1.291\bin\Hostx64\x64\cl.exe  /nologo   /DWIN32 /D_WINDOWS /W3  /MDd /Zi /Ob0 /Od /RTC1 /showIncludes /FoCMakeFiles\cmTC_a7306.dir\CheckIncludeFile.c.obj /FdCMakeFiles\cmTC_a7306.dir\ /FS -c CheckIncludeFile.c
CheckIncludeFile.c(1): fatal error C1083: No se puede abrir el archivo incluir: 'strings.h': No such file or directory
ninja: build stopped: subcommand failed.



Determining if the include file unistd.h exists failed with the following output:
Change Dir: C:/GitHub/PROYECTO-III-GOT/vcpkg-master/ports/libexif/out/build/x64-Debug (predeterminado)/CMakeFiles/CMakeTmp

Run Build Command(s):C:/Program Files (x86)/Microsoft Visual Studio/2019/Community/Common7/IDE/CommonExtensions/Microsoft/CMake/Ninja/ninja.exe cmTC_07df9 && [1/2] Building C object CMakeFiles\cmTC_07df9.dir\CheckIncludeFile.c.obj
FAILED: CMakeFiles/cmTC_07df9.dir/CheckIncludeFile.c.obj 
C:\PROGRA~2\MICROS~1\2019\COMMUN~1\VC\Tools\MSVC\1427~1.291\bin\Hostx64\x64\cl.exe  /nologo   /DWIN32 /D_WINDOWS /W3  /MDd /Zi /Ob0 /Od /RTC1 /showIncludes /FoCMakeFiles\cmTC_07df9.dir\CheckIncludeFile.c.obj /FdCMakeFiles\cmTC_07df9.dir\ /FS -c CheckIncludeFile.c
CheckIncludeFile.c(1): fatal error C1083: No se puede abrir el archivo incluir: 'unistd.h': No such file or directory
ninja: build stopped: subcommand failed.



